<?xml version="1.0" encoding="UTF-8"?>
<testsuites name="Q1" time="98.989" tests="2" failures="0" errors="0">
   <testsuite name="Q1" tests="2" failures="0" errors="0" time="98.989" skipped="0" timestamp="2023-06-01 15:43:46" hostname="NextSix - LAPTOP-1RKM9NHJ" id="Test Suites/Q1">
      <properties>
         <property name="deviceName" value=""/>
         <property name="devicePlatform" value=""/>
         <property name="logFolder" value="C:\\Users\\user\\git\\banker\\Reports\\20230601_154341\\Q1\\20230601_154341"/>
         <property name="logFiles" value="C:\\Users\\user\\git\\banker\\Reports\\20230601_154341\\Q1\\20230601_154341\\execution0.log"/>
         <property name="attachments" value=""/>
         <property name="hostName" value="NextSix - LAPTOP-1RKM9NHJ"/>
         <property name="os" value="Windows 10 64bit"/>
         <property name="katalonVersion" value="8.4.0.208"/>
         <property name="browser" value="Chrome 113.0.0.0"/>
         <property name="hostAddress" value="192.168.3.106"/>
         <property name="sessionId" value="71e8f975eff82d929e450b2b33397fa4"/>
         <property name="seleniumVersion" value="3.141.59"/>
         <property name="proxyInformation" value="ProxyInformation { proxyOption=NO_PROXY, proxyServerType=HTTP, username=, password=********, proxyServerAddress=, proxyServerPort=0, executionList=&quot;&quot;, isApplyToDesiredCapabilities=true }"/>
         <property name="platform" value="Windows 10"/>
      </properties>
      <testcase name="Test Cases/Q1" time="67.357" classname="Test Cases/Q1" status="PASSED">
         <system-out><![CDATA[2023-06-01 15:43:46 - [TEST_CASE][PASSED] - Test Cases/Q1: Test Cases/Q1

2023-06-01 15:43:47 - [TEST_STEP][PASSED] - openBrowser("https://www.globalsqa.com/angularJs-protractor/BankingProject/#/"): Browser is opened with url: 'https://www.globalsqa.com/angularJs-protractor/BankingProject/#/'

2023-06-01 15:43:48 - [MESSAGE][INFO] - Starting 'Chrome' driver

2023-06-01 15:43:48 - [MESSAGE][INFO] - Action delay is set to 0 milliseconds

2023-06-01 15:43:54 - [MESSAGE][PASSED] - Browser is opened with url: 'https://www.globalsqa.com/angularJs-protractor/BankingProject/#/'

2023-06-01 15:43:54 - [TEST_STEP][PASSED] - maximizeWindow(): Current window maximized

2023-06-01 15:43:55 - [MESSAGE][PASSED] - Current window maximized

2023-06-01 15:43:55 - [TEST_STEP][PASSED] - testData = [["Christopher", "Connely", "L789C349"], ["Frank", "Christopher", "A897N450"], ["Christopher", "Minka", "M098Q585"], ["Connely", "Jackson", "L789C349"], ["Jackson", "Frank", "L789C349"], ["Minka", "Jackson", "A897N450"], ["Jackson", "Connely", "L789C349"]]: null

2023-06-01 15:43:55 - [TEST_STEP][PASSED] - click(findTestObject("Object Repository/Page_XYZ Bank/button_Bank Manager Login")): Object: 'Object Repository/Page_XYZ Bank/button_Bank Manager Login' is clicked on

2023-06-01 15:43:56 - [MESSAGE][PASSED] - Object: 'Object Repository/Page_XYZ Bank/button_Bank Manager Login' is clicked on

2023-06-01 15:43:56 - [TEST_STEP][PASSED] - click(findTestObject("Object Repository/Page_XYZ Bank/Page_XYZ Bank/button_Add Customer")): Object: 'Object Repository/Page_XYZ Bank/Page_XYZ Bank/button_Add Customer' is clicked on

2023-06-01 15:43:57 - [MESSAGE][PASSED] - Object: 'Object Repository/Page_XYZ Bank/Page_XYZ Bank/button_Add Customer' is clicked on

2023-06-01 15:43:57 - [TEST_STEP][PASSED] - testData.each({ java.lang.Object data -> ... }): Object: 'Object Repository/Page_XYZ Bank/Page_XYZ Bank/button_Add Customer_submit' is clicked on

2023-06-01 15:43:59 - [MESSAGE][PASSED] - Delayed 2 second(s)

2023-06-01 15:44:00 - [MESSAGE][PASSED] - Text 'Christopher' is set on object 'Object Repository/Page_XYZ Bank/Page_XYZ Bank/input_First Name_form-control ng-pristine n_693e51'

2023-06-01 15:44:01 - [MESSAGE][PASSED] - Text 'Connely' is set on object 'Object Repository/Page_XYZ Bank/Page_XYZ Bank/input_Last Name_form-control ng-pristine ng_64913d'

2023-06-01 15:44:01 - [MESSAGE][PASSED] - Text 'L789C349' is set on object 'Object Repository/Page_XYZ Bank/Page_XYZ Bank/input_Post Code_form-control ng-pristine ng_b8fd27'

2023-06-01 15:44:02 - [MESSAGE][PASSED] - Object: 'Object Repository/Page_XYZ Bank/Page_XYZ Bank/button_Add Customer_submit' is clicked on

2023-06-01 15:44:04 - [MESSAGE][PASSED] - Delayed 2 second(s)

2023-06-01 15:44:05 - [MESSAGE][PASSED] - Text 'Frank' is set on object 'Object Repository/Page_XYZ Bank/Page_XYZ Bank/input_First Name_form-control ng-pristine n_693e51'

2023-06-01 15:44:06 - [MESSAGE][PASSED] - Text 'Christopher' is set on object 'Object Repository/Page_XYZ Bank/Page_XYZ Bank/input_Last Name_form-control ng-pristine ng_64913d'

2023-06-01 15:44:07 - [MESSAGE][PASSED] - Text 'A897N450' is set on object 'Object Repository/Page_XYZ Bank/Page_XYZ Bank/input_Post Code_form-control ng-pristine ng_b8fd27'

2023-06-01 15:44:07 - [MESSAGE][PASSED] - Object: 'Object Repository/Page_XYZ Bank/Page_XYZ Bank/button_Add Customer_submit' is clicked on

2023-06-01 15:44:09 - [MESSAGE][PASSED] - Delayed 2 second(s)

2023-06-01 15:44:10 - [MESSAGE][PASSED] - Text 'Christopher' is set on object 'Object Repository/Page_XYZ Bank/Page_XYZ Bank/input_First Name_form-control ng-pristine n_693e51'

2023-06-01 15:44:11 - [MESSAGE][PASSED] - Text 'Minka' is set on object 'Object Repository/Page_XYZ Bank/Page_XYZ Bank/input_Last Name_form-control ng-pristine ng_64913d'

2023-06-01 15:44:12 - [MESSAGE][PASSED] - Text 'M098Q585' is set on object 'Object Repository/Page_XYZ Bank/Page_XYZ Bank/input_Post Code_form-control ng-pristine ng_b8fd27'

2023-06-01 15:44:12 - [MESSAGE][PASSED] - Object: 'Object Repository/Page_XYZ Bank/Page_XYZ Bank/button_Add Customer_submit' is clicked on

2023-06-01 15:44:14 - [MESSAGE][PASSED] - Delayed 2 second(s)

2023-06-01 15:44:15 - [MESSAGE][PASSED] - Text 'Connely' is set on object 'Object Repository/Page_XYZ Bank/Page_XYZ Bank/input_First Name_form-control ng-pristine n_693e51'

2023-06-01 15:44:16 - [MESSAGE][PASSED] - Text 'Jackson' is set on object 'Object Repository/Page_XYZ Bank/Page_XYZ Bank/input_Last Name_form-control ng-pristine ng_64913d'

2023-06-01 15:44:16 - [MESSAGE][PASSED] - Text 'L789C349' is set on object 'Object Repository/Page_XYZ Bank/Page_XYZ Bank/input_Post Code_form-control ng-pristine ng_b8fd27'

2023-06-01 15:44:17 - [MESSAGE][PASSED] - Object: 'Object Repository/Page_XYZ Bank/Page_XYZ Bank/button_Add Customer_submit' is clicked on

2023-06-01 15:44:19 - [MESSAGE][PASSED] - Delayed 2 second(s)

2023-06-01 15:44:19 - [MESSAGE][PASSED] - Text 'Jackson' is set on object 'Object Repository/Page_XYZ Bank/Page_XYZ Bank/input_First Name_form-control ng-pristine n_693e51'

2023-06-01 15:44:20 - [MESSAGE][PASSED] - Text 'Frank' is set on object 'Object Repository/Page_XYZ Bank/Page_XYZ Bank/input_Last Name_form-control ng-pristine ng_64913d'

2023-06-01 15:44:21 - [MESSAGE][PASSED] - Text 'L789C349' is set on object 'Object Repository/Page_XYZ Bank/Page_XYZ Bank/input_Post Code_form-control ng-pristine ng_b8fd27'

2023-06-01 15:44:21 - [MESSAGE][PASSED] - Object: 'Object Repository/Page_XYZ Bank/Page_XYZ Bank/button_Add Customer_submit' is clicked on

2023-06-01 15:44:23 - [MESSAGE][PASSED] - Delayed 2 second(s)

2023-06-01 15:44:24 - [MESSAGE][PASSED] - Text 'Minka' is set on object 'Object Repository/Page_XYZ Bank/Page_XYZ Bank/input_First Name_form-control ng-pristine n_693e51'

2023-06-01 15:44:25 - [MESSAGE][PASSED] - Text 'Jackson' is set on object 'Object Repository/Page_XYZ Bank/Page_XYZ Bank/input_Last Name_form-control ng-pristine ng_64913d'

2023-06-01 15:44:26 - [MESSAGE][PASSED] - Text 'A897N450' is set on object 'Object Repository/Page_XYZ Bank/Page_XYZ Bank/input_Post Code_form-control ng-pristine ng_b8fd27'

2023-06-01 15:44:26 - [MESSAGE][PASSED] - Object: 'Object Repository/Page_XYZ Bank/Page_XYZ Bank/button_Add Customer_submit' is clicked on

2023-06-01 15:44:28 - [MESSAGE][PASSED] - Delayed 2 second(s)

2023-06-01 15:44:29 - [MESSAGE][PASSED] - Text 'Jackson' is set on object 'Object Repository/Page_XYZ Bank/Page_XYZ Bank/input_First Name_form-control ng-pristine n_693e51'

2023-06-01 15:44:29 - [MESSAGE][PASSED] - Text 'Connely' is set on object 'Object Repository/Page_XYZ Bank/Page_XYZ Bank/input_Last Name_form-control ng-pristine ng_64913d'

2023-06-01 15:44:30 - [MESSAGE][PASSED] - Text 'L789C349' is set on object 'Object Repository/Page_XYZ Bank/Page_XYZ Bank/input_Post Code_form-control ng-pristine ng_b8fd27'

2023-06-01 15:44:31 - [MESSAGE][PASSED] - Object: 'Object Repository/Page_XYZ Bank/Page_XYZ Bank/button_Add Customer_submit' is clicked on

2023-06-01 15:44:31 - [TEST_STEP][PASSED] - click(findTestObject("Object Repository/Page_XYZ Bank/button_Customers")): Object: 'Object Repository/Page_XYZ Bank/button_Customers' is clicked on

2023-06-01 15:44:31 - [MESSAGE][PASSED] - Object: 'Object Repository/Page_XYZ Bank/button_Customers' is clicked on

2023-06-01 15:44:31 - [TEST_STEP][PASSED] - allDataInserted = true: null

2023-06-01 15:44:31 - [TEST_STEP][PASSED] - testData.each({ java.lang.Object data -> ... }): Text 'Jackson' is set on object 'Object Repository/Page_XYZ Bank/input_Customers_form-control ng-pristine ng-untouched ng-valid'

2023-06-01 15:44:32 - [MESSAGE][PASSED] - Text 'Christopher' is set on object 'Object Repository/Page_XYZ Bank/input_Customers_form-control ng-pristine ng-untouched ng-valid'

2023-06-01 15:44:34 - [MESSAGE][PASSED] - Text 'Frank' is set on object 'Object Repository/Page_XYZ Bank/input_Customers_form-control ng-pristine ng-untouched ng-valid'

2023-06-01 15:44:36 - [MESSAGE][PASSED] - Text 'Christopher' is set on object 'Object Repository/Page_XYZ Bank/input_Customers_form-control ng-pristine ng-untouched ng-valid'

2023-06-01 15:44:39 - [MESSAGE][PASSED] - Text 'Connely' is set on object 'Object Repository/Page_XYZ Bank/input_Customers_form-control ng-pristine ng-untouched ng-valid'

2023-06-01 15:44:42 - [MESSAGE][PASSED] - Text 'Jackson' is set on object 'Object Repository/Page_XYZ Bank/input_Customers_form-control ng-pristine ng-untouched ng-valid'

2023-06-01 15:44:44 - [MESSAGE][PASSED] - Text 'Minka' is set on object 'Object Repository/Page_XYZ Bank/input_Customers_form-control ng-pristine ng-untouched ng-valid'

2023-06-01 15:44:46 - [MESSAGE][PASSED] - Text 'Jackson' is set on object 'Object Repository/Page_XYZ Bank/input_Customers_form-control ng-pristine ng-untouched ng-valid'

2023-06-01 15:44:48 - [TEST_STEP][PASSED] - if (allDataInserted): null

2023-06-01 15:44:48 - [TEST_STEP][PASSED] - out.println("All data has been successfully inserted."): null

2023-06-01 15:44:48 - [TEST_STEP][PASSED] - deletedata = [["Christopher", "Connely", "L789C349"], ["Jackson", "Frank", "L789C349"]]: null

2023-06-01 15:44:48 - [TEST_STEP][PASSED] - allDataDeleted = true: null

2023-06-01 15:44:48 - [TEST_STEP][PASSED] - deletedata.each({ java.lang.Object data -> ... }): Text 'Jackson' is set on object 'Object Repository/Page_XYZ Bank/input_Customers_form-control ng-pristine ng-untouched ng-valid'

2023-06-01 15:44:49 - [MESSAGE][PASSED] - Text 'Christopher' is set on object 'Object Repository/Page_XYZ Bank/input_Customers_form-control ng-pristine ng-untouched ng-valid'

2023-06-01 15:44:52 - [MESSAGE][PASSED] - Text 'Jackson' is set on object 'Object Repository/Page_XYZ Bank/input_Customers_form-control ng-pristine ng-untouched ng-valid'

2023-06-01 15:44:54 - [TEST_STEP][PASSED] - if (allDataDeleted): null

2023-06-01 15:44:54 - [TEST_STEP][PASSED] - out.println("All data has been successfully deleted."): null]]></system-out>
         <system-err><![CDATA[]]></system-err>
      </testcase>
      <testcase name="Test Cases/Q2" time="31.004" classname="Test Cases/Q2" status="PASSED">
         <system-out><![CDATA[2023-06-01 15:44:54 - [TEST_CASE][PASSED] - Test Cases/Q2: Test Cases/Q2

2023-06-01 15:44:54 - [TEST_STEP][PASSED] - openBrowser(""): Browser is opened with url: ''

2023-06-01 15:44:54 - [MESSAGE][WARNING] - A browser is already opened. Closing browser and opening a new one

2023-06-01 15:44:55 - [MESSAGE][INFO] - Starting 'Chrome' driver

2023-06-01 15:44:55 - [MESSAGE][INFO] - Action delay is set to 0 milliseconds

2023-06-01 15:44:57 - [MESSAGE][PASSED] - Browser is opened with url: ''

2023-06-01 15:44:57 - [TEST_STEP][PASSED] - navigateToUrl("https://www.globalsqa.com/angularJs-protractor/BankingProject/#/"): Navigate to 'https://www.globalsqa.com/angularJs-protractor/BankingProject/#/' successfully

2023-06-01 15:44:58 - [MESSAGE][PASSED] - Navigate to 'https://www.globalsqa.com/angularJs-protractor/BankingProject/#/' successfully

2023-06-01 15:44:58 - [TEST_STEP][PASSED] - click(findTestObject("Object Repository/Q2/Page_XYZ Bank/Page_XYZ Bank/Page_XYZ Bank/button_Customer Login")): Object: 'Object Repository/Q2/Page_XYZ Bank/Page_XYZ Bank/Page_XYZ Bank/button_Customer Login' is clicked on

2023-06-01 15:44:59 - [MESSAGE][PASSED] - Object: 'Object Repository/Q2/Page_XYZ Bank/Page_XYZ Bank/Page_XYZ Bank/button_Customer Login' is clicked on

2023-06-01 15:44:59 - [TEST_STEP][PASSED] - selectOptionByValue(findTestObject("Object Repository/Q2/Page_XYZ Bank/Page_XYZ Bank/Page_XYZ Bank/select_---Your Name---       Hermoine Grang_6e895b"), "1", true): All options with value '1' are selected in object 'Object Repository/Q2/Page_XYZ Bank/Page_XYZ Bank/Page_XYZ Bank/select_---Your Name---       Hermoine Grang_6e895b'  using regular expression

2023-06-01 15:45:01 - [MESSAGE][PASSED] - All options with value '1' are selected in object 'Object Repository/Q2/Page_XYZ Bank/Page_XYZ Bank/Page_XYZ Bank/select_---Your Name---       Hermoine Grang_6e895b'  using regular expression

2023-06-01 15:45:01 - [TEST_STEP][PASSED] - click(findTestObject("Object Repository/Q2/Page_XYZ Bank/Page_XYZ Bank/Page_XYZ Bank/button_Login")): Object: 'Object Repository/Q2/Page_XYZ Bank/Page_XYZ Bank/Page_XYZ Bank/button_Login' is clicked on

2023-06-01 15:45:01 - [MESSAGE][PASSED] - Object: 'Object Repository/Q2/Page_XYZ Bank/Page_XYZ Bank/Page_XYZ Bank/button_Login' is clicked on

2023-06-01 15:45:01 - [TEST_STEP][PASSED] - selectOptionByValue(findTestObject("Object Repository/Q2/Page_XYZ Bank/Page_XYZ Bank/Page_XYZ Bank/select_100110021003"), "number:1003", true): All options with value 'number:1003' are selected in object 'Object Repository/Q2/Page_XYZ Bank/Page_XYZ Bank/Page_XYZ Bank/select_100110021003'  using regular expression

2023-06-01 15:45:03 - [MESSAGE][PASSED] - All options with value 'number:1003' are selected in object 'Object Repository/Q2/Page_XYZ Bank/Page_XYZ Bank/Page_XYZ Bank/select_100110021003'  using regular expression

2023-06-01 15:45:03 - [TEST_STEP][PASSED] - INITIALBALANCE = getText(findTestObject("Object Repository/Q2/Page_XYZ Bank/Page_XYZ Bank/strong_0"), STOP_ON_FAILURE).toInteger(): Text of object 'Object Repository/Q2/Page_XYZ Bank/Page_XYZ Bank/strong_0' is: '0'

2023-06-01 15:45:03 - [MESSAGE][PASSED] - Text of object 'Object Repository/Q2/Page_XYZ Bank/Page_XYZ Bank/strong_0' is: '0'

2023-06-01 15:45:03 - [TEST_STEP][PASSED] - transactions = [50000, -3000, -2000, 5000, -10000, -15000, 1500]: null

2023-06-01 15:45:03 - [TEST_STEP][PASSED] - CURRENTBALANCE = INITIALBALANCE: null

2023-06-01 15:45:03 - [TEST_STEP][PASSED] - for (def transactionAmount : transactions): null

2023-06-01 15:45:03 - [TEST_STEP][PASSED] - if (transactionAmount > 0): null

2023-06-01 15:45:03 - [TEST_STEP][PASSED] - click(findTestObject("Object Repository/Q2/Page_XYZ Bank/Page_XYZ Bank/Page_XYZ Bank/button_Deposit")): Object: 'Object Repository/Q2/Page_XYZ Bank/Page_XYZ Bank/Page_XYZ Bank/button_Deposit' is clicked on

2023-06-01 15:45:04 - [MESSAGE][PASSED] - Object: 'Object Repository/Q2/Page_XYZ Bank/Page_XYZ Bank/Page_XYZ Bank/button_Deposit' is clicked on

2023-06-01 15:45:04 - [TEST_STEP][PASSED] - setText(findTestObject("Object Repository/Q2/Page_XYZ Bank/Page_XYZ Bank/Page_XYZ Bank/input_Amount to be Deposited_form-control n_97f4dd"), transactionAmount.toString()): Text '50000' is set on object 'Object Repository/Q2/Page_XYZ Bank/Page_XYZ Bank/Page_XYZ Bank/input_Amount to be Deposited_form-control n_97f4dd'

2023-06-01 15:45:05 - [MESSAGE][PASSED] - Text '50000' is set on object 'Object Repository/Q2/Page_XYZ Bank/Page_XYZ Bank/Page_XYZ Bank/input_Amount to be Deposited_form-control n_97f4dd'

2023-06-01 15:45:05 - [TEST_STEP][PASSED] - click(findTestObject("Object Repository/Q2/Page_XYZ Bank/Page_XYZ Bank/Page_XYZ Bank/button_Deposit_1")): Object: 'Object Repository/Q2/Page_XYZ Bank/Page_XYZ Bank/Page_XYZ Bank/button_Deposit_1' is clicked on

2023-06-01 15:45:06 - [MESSAGE][PASSED] - Object: 'Object Repository/Q2/Page_XYZ Bank/Page_XYZ Bank/Page_XYZ Bank/button_Deposit_1' is clicked on

2023-06-01 15:45:06 - [TEST_STEP][PASSED] - verifyElementText(findTestObject("Object Repository/Q2/Page_XYZ Bank/Page_XYZ Bank/Page_XYZ Bank/span_Deposit Successful"), "Deposit Successful"): Actual text and expected text of test object 'Object Repository/Q2/Page_XYZ Bank/Page_XYZ Bank/Page_XYZ Bank/span_Deposit Successful' are matched.

2023-06-01 15:45:06 - [MESSAGE][PASSED] - Actual text and expected text of test object 'Object Repository/Q2/Page_XYZ Bank/Page_XYZ Bank/Page_XYZ Bank/span_Deposit Successful' are matched.

2023-06-01 15:45:06 - [TEST_STEP][PASSED] - CURRENTBALANCE += transactionAmount: null

2023-06-01 15:45:06 - [TEST_STEP][PASSED] - verifyMatch(latestbalance = getText(findTestObject("Object Repository/Q2/Page_XYZ Bank/Page_XYZ Bank/strong_0")), CURRENTBALANCE.toString(), false, CONTINUE_ON_FAILURE): Actual text '50000' and expected text '50000' are matched 

2023-06-01 15:45:07 - [MESSAGE][PASSED] - Text of object 'Object Repository/Q2/Page_XYZ Bank/Page_XYZ Bank/strong_0' is: '50000'

2023-06-01 15:45:07 - [MESSAGE][PASSED] - Actual text '50000' and expected text '50000' are matched 

2023-06-01 15:45:07 - [TEST_STEP][PASSED] - println(latestbalance + "&" + CURRENTBALANCE): null

2023-06-01 15:45:07 - [TEST_STEP][PASSED] - if (transactionAmount > 0): null

2023-06-01 15:45:07 - [TEST_STEP][PASSED] - else: Actual text and expected text of test object 'Object Repository/Q2/Page_XYZ Bank/Page_XYZ Bank/Page_XYZ Bank/span_Transaction successful' are matched.

2023-06-01 15:45:07 - [TEST_STEP][PASSED] - click(findTestObject("Object Repository/Q2/Page_XYZ Bank/Page_XYZ Bank/Page_XYZ Bank/button_Withdrawl")): Object: 'Object Repository/Q2/Page_XYZ Bank/Page_XYZ Bank/Page_XYZ Bank/button_Withdrawl' is clicked on

2023-06-01 15:45:07 - [MESSAGE][PASSED] - Object: 'Object Repository/Q2/Page_XYZ Bank/Page_XYZ Bank/Page_XYZ Bank/button_Withdrawl' is clicked on

2023-06-01 15:45:07 - [TEST_STEP][PASSED] - setText(findTestObject("Object Repository/Q2/Page_XYZ Bank/Page_XYZ Bank/Page_XYZ Bank/input_Amount to be Deposited_form-control n_97f4dd"), transactionAmount.toString()): Text '3000' is set on object 'Object Repository/Q2/Page_XYZ Bank/Page_XYZ Bank/Page_XYZ Bank/input_Amount to be Deposited_form-control n_97f4dd'

2023-06-01 15:45:09 - [MESSAGE][PASSED] - Text '3000' is set on object 'Object Repository/Q2/Page_XYZ Bank/Page_XYZ Bank/Page_XYZ Bank/input_Amount to be Deposited_form-control n_97f4dd'

2023-06-01 15:45:09 - [TEST_STEP][PASSED] - click(findTestObject("Object Repository/Q2/Page_XYZ Bank/Page_XYZ Bank/Page_XYZ Bank/button_Withdraw")): Object: 'Object Repository/Q2/Page_XYZ Bank/Page_XYZ Bank/Page_XYZ Bank/button_Withdraw' is clicked on

2023-06-01 15:45:09 - [MESSAGE][PASSED] - Object: 'Object Repository/Q2/Page_XYZ Bank/Page_XYZ Bank/Page_XYZ Bank/button_Withdraw' is clicked on

2023-06-01 15:45:09 - [TEST_STEP][PASSED] - CURRENTBALANCE -= transactionAmount: null

2023-06-01 15:45:09 - [TEST_STEP][PASSED] - verifyElementText(findTestObject("Object Repository/Q2/Page_XYZ Bank/Page_XYZ Bank/Page_XYZ Bank/span_Transaction successful"), "Transaction successful"): Actual text and expected text of test object 'Object Repository/Q2/Page_XYZ Bank/Page_XYZ Bank/Page_XYZ Bank/span_Transaction successful' are matched.

2023-06-01 15:45:10 - [MESSAGE][PASSED] - Actual text and expected text of test object 'Object Repository/Q2/Page_XYZ Bank/Page_XYZ Bank/Page_XYZ Bank/span_Transaction successful' are matched.

2023-06-01 15:45:10 - [TEST_STEP][PASSED] - verifyMatch(latestbalance = getText(findTestObject("Object Repository/Q2/Page_XYZ Bank/Page_XYZ Bank/strong_0")), CURRENTBALANCE.toString(), false, CONTINUE_ON_FAILURE): Actual text '47000' and expected text '47000' are matched 

2023-06-01 15:45:10 - [MESSAGE][PASSED] - Text of object 'Object Repository/Q2/Page_XYZ Bank/Page_XYZ Bank/strong_0' is: '47000'

2023-06-01 15:45:10 - [MESSAGE][PASSED] - Actual text '47000' and expected text '47000' are matched 

2023-06-01 15:45:10 - [TEST_STEP][PASSED] - println(latestbalance + "&" + CURRENTBALANCE): null

2023-06-01 15:45:10 - [TEST_STEP][PASSED] - if (transactionAmount > 0): null

2023-06-01 15:45:10 - [TEST_STEP][PASSED] - else: Actual text and expected text of test object 'Object Repository/Q2/Page_XYZ Bank/Page_XYZ Bank/Page_XYZ Bank/span_Transaction successful' are matched.

2023-06-01 15:45:10 - [TEST_STEP][PASSED] - click(findTestObject("Object Repository/Q2/Page_XYZ Bank/Page_XYZ Bank/Page_XYZ Bank/button_Withdrawl")): Object: 'Object Repository/Q2/Page_XYZ Bank/Page_XYZ Bank/Page_XYZ Bank/button_Withdrawl' is clicked on

2023-06-01 15:45:11 - [MESSAGE][PASSED] - Object: 'Object Repository/Q2/Page_XYZ Bank/Page_XYZ Bank/Page_XYZ Bank/button_Withdrawl' is clicked on

2023-06-01 15:45:11 - [TEST_STEP][PASSED] - setText(findTestObject("Object Repository/Q2/Page_XYZ Bank/Page_XYZ Bank/Page_XYZ Bank/input_Amount to be Deposited_form-control n_97f4dd"), transactionAmount.toString()): Text '2000' is set on object 'Object Repository/Q2/Page_XYZ Bank/Page_XYZ Bank/Page_XYZ Bank/input_Amount to be Deposited_form-control n_97f4dd'

2023-06-01 15:45:11 - [MESSAGE][PASSED] - Text '2000' is set on object 'Object Repository/Q2/Page_XYZ Bank/Page_XYZ Bank/Page_XYZ Bank/input_Amount to be Deposited_form-control n_97f4dd'

2023-06-01 15:45:11 - [TEST_STEP][PASSED] - click(findTestObject("Object Repository/Q2/Page_XYZ Bank/Page_XYZ Bank/Page_XYZ Bank/button_Withdraw")): Object: 'Object Repository/Q2/Page_XYZ Bank/Page_XYZ Bank/Page_XYZ Bank/button_Withdraw' is clicked on

2023-06-01 15:45:12 - [MESSAGE][PASSED] - Object: 'Object Repository/Q2/Page_XYZ Bank/Page_XYZ Bank/Page_XYZ Bank/button_Withdraw' is clicked on

2023-06-01 15:45:12 - [TEST_STEP][PASSED] - CURRENTBALANCE -= transactionAmount: null

2023-06-01 15:45:12 - [TEST_STEP][PASSED] - verifyElementText(findTestObject("Object Repository/Q2/Page_XYZ Bank/Page_XYZ Bank/Page_XYZ Bank/span_Transaction successful"), "Transaction successful"): Actual text and expected text of test object 'Object Repository/Q2/Page_XYZ Bank/Page_XYZ Bank/Page_XYZ Bank/span_Transaction successful' are matched.

2023-06-01 15:45:12 - [MESSAGE][PASSED] - Actual text and expected text of test object 'Object Repository/Q2/Page_XYZ Bank/Page_XYZ Bank/Page_XYZ Bank/span_Transaction successful' are matched.

2023-06-01 15:45:12 - [TEST_STEP][PASSED] - verifyMatch(latestbalance = getText(findTestObject("Object Repository/Q2/Page_XYZ Bank/Page_XYZ Bank/strong_0")), CURRENTBALANCE.toString(), false, CONTINUE_ON_FAILURE): Actual text '45000' and expected text '45000' are matched 

2023-06-01 15:45:13 - [MESSAGE][PASSED] - Text of object 'Object Repository/Q2/Page_XYZ Bank/Page_XYZ Bank/strong_0' is: '45000'

2023-06-01 15:45:13 - [MESSAGE][PASSED] - Actual text '45000' and expected text '45000' are matched 

2023-06-01 15:45:13 - [TEST_STEP][PASSED] - println(latestbalance + "&" + CURRENTBALANCE): null

2023-06-01 15:45:13 - [TEST_STEP][PASSED] - if (transactionAmount > 0): null

2023-06-01 15:45:13 - [TEST_STEP][PASSED] - click(findTestObject("Object Repository/Q2/Page_XYZ Bank/Page_XYZ Bank/Page_XYZ Bank/button_Deposit")): Object: 'Object Repository/Q2/Page_XYZ Bank/Page_XYZ Bank/Page_XYZ Bank/button_Deposit' is clicked on

2023-06-01 15:45:13 - [MESSAGE][PASSED] - Object: 'Object Repository/Q2/Page_XYZ Bank/Page_XYZ Bank/Page_XYZ Bank/button_Deposit' is clicked on

2023-06-01 15:45:13 - [TEST_STEP][PASSED] - setText(findTestObject("Object Repository/Q2/Page_XYZ Bank/Page_XYZ Bank/Page_XYZ Bank/input_Amount to be Deposited_form-control n_97f4dd"), transactionAmount.toString()): Text '5000' is set on object 'Object Repository/Q2/Page_XYZ Bank/Page_XYZ Bank/Page_XYZ Bank/input_Amount to be Deposited_form-control n_97f4dd'

2023-06-01 15:45:14 - [MESSAGE][PASSED] - Text '5000' is set on object 'Object Repository/Q2/Page_XYZ Bank/Page_XYZ Bank/Page_XYZ Bank/input_Amount to be Deposited_form-control n_97f4dd'

2023-06-01 15:45:14 - [TEST_STEP][PASSED] - click(findTestObject("Object Repository/Q2/Page_XYZ Bank/Page_XYZ Bank/Page_XYZ Bank/button_Deposit_1")): Object: 'Object Repository/Q2/Page_XYZ Bank/Page_XYZ Bank/Page_XYZ Bank/button_Deposit_1' is clicked on

2023-06-01 15:45:15 - [MESSAGE][PASSED] - Object: 'Object Repository/Q2/Page_XYZ Bank/Page_XYZ Bank/Page_XYZ Bank/button_Deposit_1' is clicked on

2023-06-01 15:45:15 - [TEST_STEP][PASSED] - verifyElementText(findTestObject("Object Repository/Q2/Page_XYZ Bank/Page_XYZ Bank/Page_XYZ Bank/span_Deposit Successful"), "Deposit Successful"): Actual text and expected text of test object 'Object Repository/Q2/Page_XYZ Bank/Page_XYZ Bank/Page_XYZ Bank/span_Deposit Successful' are matched.

2023-06-01 15:45:16 - [MESSAGE][PASSED] - Actual text and expected text of test object 'Object Repository/Q2/Page_XYZ Bank/Page_XYZ Bank/Page_XYZ Bank/span_Deposit Successful' are matched.

2023-06-01 15:45:16 - [TEST_STEP][PASSED] - CURRENTBALANCE += transactionAmount: null

2023-06-01 15:45:16 - [TEST_STEP][PASSED] - verifyMatch(latestbalance = getText(findTestObject("Object Repository/Q2/Page_XYZ Bank/Page_XYZ Bank/strong_0")), CURRENTBALANCE.toString(), false, CONTINUE_ON_FAILURE): Actual text '50000' and expected text '50000' are matched 

2023-06-01 15:45:16 - [MESSAGE][PASSED] - Text of object 'Object Repository/Q2/Page_XYZ Bank/Page_XYZ Bank/strong_0' is: '50000'

2023-06-01 15:45:16 - [MESSAGE][PASSED] - Actual text '50000' and expected text '50000' are matched 

2023-06-01 15:45:16 - [TEST_STEP][PASSED] - println(latestbalance + "&" + CURRENTBALANCE): null

2023-06-01 15:45:16 - [TEST_STEP][PASSED] - if (transactionAmount > 0): null

2023-06-01 15:45:16 - [TEST_STEP][PASSED] - else: Actual text and expected text of test object 'Object Repository/Q2/Page_XYZ Bank/Page_XYZ Bank/Page_XYZ Bank/span_Transaction successful' are matched.

2023-06-01 15:45:16 - [TEST_STEP][PASSED] - click(findTestObject("Object Repository/Q2/Page_XYZ Bank/Page_XYZ Bank/Page_XYZ Bank/button_Withdrawl")): Object: 'Object Repository/Q2/Page_XYZ Bank/Page_XYZ Bank/Page_XYZ Bank/button_Withdrawl' is clicked on

2023-06-01 15:45:16 - [MESSAGE][PASSED] - Object: 'Object Repository/Q2/Page_XYZ Bank/Page_XYZ Bank/Page_XYZ Bank/button_Withdrawl' is clicked on

2023-06-01 15:45:16 - [TEST_STEP][PASSED] - setText(findTestObject("Object Repository/Q2/Page_XYZ Bank/Page_XYZ Bank/Page_XYZ Bank/input_Amount to be Deposited_form-control n_97f4dd"), transactionAmount.toString()): Text '10000' is set on object 'Object Repository/Q2/Page_XYZ Bank/Page_XYZ Bank/Page_XYZ Bank/input_Amount to be Deposited_form-control n_97f4dd'

2023-06-01 15:45:17 - [MESSAGE][PASSED] - Text '10000' is set on object 'Object Repository/Q2/Page_XYZ Bank/Page_XYZ Bank/Page_XYZ Bank/input_Amount to be Deposited_form-control n_97f4dd'

2023-06-01 15:45:17 - [TEST_STEP][PASSED] - click(findTestObject("Object Repository/Q2/Page_XYZ Bank/Page_XYZ Bank/Page_XYZ Bank/button_Withdraw")): Object: 'Object Repository/Q2/Page_XYZ Bank/Page_XYZ Bank/Page_XYZ Bank/button_Withdraw' is clicked on

2023-06-01 15:45:18 - [MESSAGE][PASSED] - Object: 'Object Repository/Q2/Page_XYZ Bank/Page_XYZ Bank/Page_XYZ Bank/button_Withdraw' is clicked on

2023-06-01 15:45:18 - [TEST_STEP][PASSED] - CURRENTBALANCE -= transactionAmount: null

2023-06-01 15:45:18 - [TEST_STEP][PASSED] - verifyElementText(findTestObject("Object Repository/Q2/Page_XYZ Bank/Page_XYZ Bank/Page_XYZ Bank/span_Transaction successful"), "Transaction successful"): Actual text and expected text of test object 'Object Repository/Q2/Page_XYZ Bank/Page_XYZ Bank/Page_XYZ Bank/span_Transaction successful' are matched.

2023-06-01 15:45:18 - [MESSAGE][PASSED] - Actual text and expected text of test object 'Object Repository/Q2/Page_XYZ Bank/Page_XYZ Bank/Page_XYZ Bank/span_Transaction successful' are matched.

2023-06-01 15:45:18 - [TEST_STEP][PASSED] - verifyMatch(latestbalance = getText(findTestObject("Object Repository/Q2/Page_XYZ Bank/Page_XYZ Bank/strong_0")), CURRENTBALANCE.toString(), false, CONTINUE_ON_FAILURE): Actual text '40000' and expected text '40000' are matched 

2023-06-01 15:45:19 - [MESSAGE][PASSED] - Text of object 'Object Repository/Q2/Page_XYZ Bank/Page_XYZ Bank/strong_0' is: '40000'

2023-06-01 15:45:19 - [MESSAGE][PASSED] - Actual text '40000' and expected text '40000' are matched 

2023-06-01 15:45:19 - [TEST_STEP][PASSED] - println(latestbalance + "&" + CURRENTBALANCE): null

2023-06-01 15:45:19 - [TEST_STEP][PASSED] - if (transactionAmount > 0): null

2023-06-01 15:45:19 - [TEST_STEP][PASSED] - else: Actual text and expected text of test object 'Object Repository/Q2/Page_XYZ Bank/Page_XYZ Bank/Page_XYZ Bank/span_Transaction successful' are matched.

2023-06-01 15:45:19 - [TEST_STEP][PASSED] - click(findTestObject("Object Repository/Q2/Page_XYZ Bank/Page_XYZ Bank/Page_XYZ Bank/button_Withdrawl")): Object: 'Object Repository/Q2/Page_XYZ Bank/Page_XYZ Bank/Page_XYZ Bank/button_Withdrawl' is clicked on

2023-06-01 15:45:19 - [MESSAGE][PASSED] - Object: 'Object Repository/Q2/Page_XYZ Bank/Page_XYZ Bank/Page_XYZ Bank/button_Withdrawl' is clicked on

2023-06-01 15:45:19 - [TEST_STEP][PASSED] - setText(findTestObject("Object Repository/Q2/Page_XYZ Bank/Page_XYZ Bank/Page_XYZ Bank/input_Amount to be Deposited_form-control n_97f4dd"), transactionAmount.toString()): Text '15000' is set on object 'Object Repository/Q2/Page_XYZ Bank/Page_XYZ Bank/Page_XYZ Bank/input_Amount to be Deposited_form-control n_97f4dd'

2023-06-01 15:45:20 - [MESSAGE][PASSED] - Text '15000' is set on object 'Object Repository/Q2/Page_XYZ Bank/Page_XYZ Bank/Page_XYZ Bank/input_Amount to be Deposited_form-control n_97f4dd'

2023-06-01 15:45:20 - [TEST_STEP][PASSED] - click(findTestObject("Object Repository/Q2/Page_XYZ Bank/Page_XYZ Bank/Page_XYZ Bank/button_Withdraw")): Object: 'Object Repository/Q2/Page_XYZ Bank/Page_XYZ Bank/Page_XYZ Bank/button_Withdraw' is clicked on

2023-06-01 15:45:20 - [MESSAGE][PASSED] - Object: 'Object Repository/Q2/Page_XYZ Bank/Page_XYZ Bank/Page_XYZ Bank/button_Withdraw' is clicked on

2023-06-01 15:45:20 - [TEST_STEP][PASSED] - CURRENTBALANCE -= transactionAmount: null

2023-06-01 15:45:20 - [TEST_STEP][PASSED] - verifyElementText(findTestObject("Object Repository/Q2/Page_XYZ Bank/Page_XYZ Bank/Page_XYZ Bank/span_Transaction successful"), "Transaction successful"): Actual text and expected text of test object 'Object Repository/Q2/Page_XYZ Bank/Page_XYZ Bank/Page_XYZ Bank/span_Transaction successful' are matched.

2023-06-01 15:45:21 - [MESSAGE][PASSED] - Actual text and expected text of test object 'Object Repository/Q2/Page_XYZ Bank/Page_XYZ Bank/Page_XYZ Bank/span_Transaction successful' are matched.

2023-06-01 15:45:21 - [TEST_STEP][PASSED] - verifyMatch(latestbalance = getText(findTestObject("Object Repository/Q2/Page_XYZ Bank/Page_XYZ Bank/strong_0")), CURRENTBALANCE.toString(), false, CONTINUE_ON_FAILURE): Actual text '25000' and expected text '25000' are matched 

2023-06-01 15:45:21 - [MESSAGE][PASSED] - Text of object 'Object Repository/Q2/Page_XYZ Bank/Page_XYZ Bank/strong_0' is: '25000'

2023-06-01 15:45:21 - [MESSAGE][PASSED] - Actual text '25000' and expected text '25000' are matched 

2023-06-01 15:45:21 - [TEST_STEP][PASSED] - println(latestbalance + "&" + CURRENTBALANCE): null

2023-06-01 15:45:21 - [TEST_STEP][PASSED] - if (transactionAmount > 0): null

2023-06-01 15:45:21 - [TEST_STEP][PASSED] - click(findTestObject("Object Repository/Q2/Page_XYZ Bank/Page_XYZ Bank/Page_XYZ Bank/button_Deposit")): Object: 'Object Repository/Q2/Page_XYZ Bank/Page_XYZ Bank/Page_XYZ Bank/button_Deposit' is clicked on

2023-06-01 15:45:22 - [MESSAGE][PASSED] - Object: 'Object Repository/Q2/Page_XYZ Bank/Page_XYZ Bank/Page_XYZ Bank/button_Deposit' is clicked on

2023-06-01 15:45:22 - [TEST_STEP][PASSED] - setText(findTestObject("Object Repository/Q2/Page_XYZ Bank/Page_XYZ Bank/Page_XYZ Bank/input_Amount to be Deposited_form-control n_97f4dd"), transactionAmount.toString()): Text '1500' is set on object 'Object Repository/Q2/Page_XYZ Bank/Page_XYZ Bank/Page_XYZ Bank/input_Amount to be Deposited_form-control n_97f4dd'

2023-06-01 15:45:22 - [MESSAGE][PASSED] - Text '1500' is set on object 'Object Repository/Q2/Page_XYZ Bank/Page_XYZ Bank/Page_XYZ Bank/input_Amount to be Deposited_form-control n_97f4dd'

2023-06-01 15:45:22 - [TEST_STEP][PASSED] - click(findTestObject("Object Repository/Q2/Page_XYZ Bank/Page_XYZ Bank/Page_XYZ Bank/button_Deposit_1")): Object: 'Object Repository/Q2/Page_XYZ Bank/Page_XYZ Bank/Page_XYZ Bank/button_Deposit_1' is clicked on

2023-06-01 15:45:23 - [MESSAGE][PASSED] - Object: 'Object Repository/Q2/Page_XYZ Bank/Page_XYZ Bank/Page_XYZ Bank/button_Deposit_1' is clicked on

2023-06-01 15:45:23 - [TEST_STEP][PASSED] - verifyElementText(findTestObject("Object Repository/Q2/Page_XYZ Bank/Page_XYZ Bank/Page_XYZ Bank/span_Deposit Successful"), "Deposit Successful"): Actual text and expected text of test object 'Object Repository/Q2/Page_XYZ Bank/Page_XYZ Bank/Page_XYZ Bank/span_Deposit Successful' are matched.

2023-06-01 15:45:23 - [MESSAGE][PASSED] - Actual text and expected text of test object 'Object Repository/Q2/Page_XYZ Bank/Page_XYZ Bank/Page_XYZ Bank/span_Deposit Successful' are matched.

2023-06-01 15:45:23 - [TEST_STEP][PASSED] - CURRENTBALANCE += transactionAmount: null

2023-06-01 15:45:23 - [TEST_STEP][PASSED] - verifyMatch(latestbalance = getText(findTestObject("Object Repository/Q2/Page_XYZ Bank/Page_XYZ Bank/strong_0")), CURRENTBALANCE.toString(), false, CONTINUE_ON_FAILURE): Actual text '26500' and expected text '26500' are matched 

2023-06-01 15:45:24 - [MESSAGE][PASSED] - Text of object 'Object Repository/Q2/Page_XYZ Bank/Page_XYZ Bank/strong_0' is: '26500'

2023-06-01 15:45:24 - [MESSAGE][PASSED] - Actual text '26500' and expected text '26500' are matched 

2023-06-01 15:45:24 - [TEST_STEP][PASSED] - println(latestbalance + "&" + CURRENTBALANCE): null

2023-06-01 15:45:24 - [TEST_STEP][PASSED] - closeBrowser(): Browser is closed

2023-06-01 15:45:25 - [MESSAGE][PASSED] - Browser is closed]]></system-out>
         <system-err><![CDATA[]]></system-err>
      </testcase>
      <system-out><![CDATA[2023-06-01 15:43:46 - [TEST_SUITE][PASSED] - Q1: Test Cases/Q2]]></system-out>
      <system-err><![CDATA[]]></system-err>
   </testsuite>
</testsuites>
